<?xml version="1.0" encoding="UTF-8"?>
<testsuite name="com.lucasgr7.hexagontest.CrudVehicleTest" time="0.087" tests="4" errors="0" skipped="0" failures="2">
  <properties>
[...]
</properties>
  <testcase name="TestSave" classname="com.lucasgr7.hexagontest.CrudVehicleTest" time="0.025"/>
  <testcase name="TestDelete" classname="com.lucasgr7.hexagontest.CrudVehicleTest" time="0.016">
    <failure type="java.lang.AssertionError:">java.lang.AssertionError: null
	at org.junit.Assert.fail(Assert.java:86)
	at org.junit.Assert.assertTrue(Assert.java:41)
	at org.junit.Assert.assertTrue(Assert.java:52)
	at com.lucasgr7.hexagontest.CrudVehicleTest.TestDelete(CrudVehicleTest.java:87)
</failure>
    <system-out><![CDATA[2018-01-20 22:54:26.824  INFO 17213 --- [           main] o.s.t.c.transaction.TransactionContext   : Began transaction (1) for test context [DefaultTestContext@1b52699c testClass = CrudVehicleTest, testInstance = com.lucasgr7.hexagontest.CrudVehicleTest@340cb97f, testMethod = TestDelete@CrudVehicleTest, testException = [null], mergedContextConfiguration = [MergedContextConfiguration@26e8ff8c testClass = CrudVehicleTest, locations = '{}', classes = '{class com.lucasgr7.hexagontest.AppStart}', contextInitializerClasses = '[]', activeProfiles = '{}', propertySourceLocations = '{classpath:test.properties}', propertySourceProperties = '{org.springframework.boot.test.context.SpringBootTestContextBootstrapper=true}', contextCustomizers = set[[ImportsContextCustomizer@5aa76ad2 key = [org.springframework.boot.autoconfigure.cache.CacheAutoConfiguration, org.springframework.boot.autoconfigure.data.jpa.JpaRepositoriesAutoConfiguration, org.springframework.boot.autoconfigure.flyway.FlywayAutoConfiguration, org.springframework.boot.autoconfigure.jdbc.DataSourceAutoConfiguration, org.springframework.boot.autoconfigure.jdbc.DataSourceTransactionManagerAutoConfiguration, org.springframework.boot.autoconfigure.jdbc.JdbcTemplateAutoConfiguration, org.springframework.boot.autoconfigure.liquibase.LiquibaseAutoConfiguration, org.springframework.boot.autoconfigure.orm.jpa.HibernateJpaAutoConfiguration, org.springframework.boot.autoconfigure.transaction.TransactionAutoConfiguration, org.springframework.boot.test.autoconfigure.jdbc.TestDatabaseAutoConfiguration, org.springframework.boot.test.autoconfigure.orm.jpa.TestEntityManagerAutoConfiguration]], org.springframework.boot.test.context.filter.ExcludeFilterContextCustomizer@4516af24, org.springframework.boot.test.json.DuplicateJsonObjectContextCustomizerFactory$DuplicateJsonObjectContextCustomizer@6d3af739, org.springframework.boot.test.mock.mockito.MockitoContextCustomizer@0, org.springframework.boot.test.autoconfigure.OverrideAutoConfigurationContextCustomizerFactory$DisableAutoConfigurationContextCustomizer@15bfd87, org.springframework.boot.test.autoconfigure.filter.TypeExcludeFiltersContextCustomizer@351584c0, org.springframework.boot.test.autoconfigure.properties.PropertyMappingContextCustomizer@cd372818, org.springframework.boot.test.autoconfigure.web.servlet.WebDriverContextCustomizerFactory$Customizer@3d8314f0], contextLoader = 'org.springframework.boot.test.context.SpringBootContextLoader', parent = [null]]]; transaction manager [org.springframework.orm.jpa.JpaTransactionManager@3513c84c]; rollback [true]
Hibernate: select vehicletyp0_.id as id1_0_0_, vehicletyp0_.desc as desc6_0_0_, vehicletyp0_.name as name3_0_0_ from vehicle vehicletyp0_ where vehicletyp0_.id=?
Hibernate: insert into vehicle (id, desc, name) values (null, ?, ?)
Hibernate: select vehicle0_.id as id1_0_0_, vehicle0_.description as descript2_0_0_, vehicle0_.name as name3_0_0_, vehicle0_.plate as plate4_0_0_, vehicle0_.vehicle_type as vehicle_5_0_0_ from vehicle vehicle0_ where vehicle0_.id=?
Hibernate: insert into vehicle (id, description, name, plate, vehicle_type) values (null, ?, ?, ?, ?)
Hibernate: select count(*) as col_0_0_ from vehicle vehicle0_
Hibernate: select vehicle0_.id as id1_0_0_, vehicle0_.description as descript2_0_0_, vehicle0_.name as name3_0_0_, vehicle0_.plate as plate4_0_0_, vehicle0_.vehicle_type as vehicle_5_0_0_ from vehicle vehicle0_ where vehicle0_.id=?
2018-01-20 22:54:26.837  INFO 17213 --- [           main] o.s.t.c.transaction.TransactionContext   : Rolled back transaction for test context [DefaultTestContext@1b52699c testClass = CrudVehicleTest, testInstance = com.lucasgr7.hexagontest.CrudVehicleTest@340cb97f, testMethod = TestDelete@CrudVehicleTest, testException = java.lang.AssertionError, mergedContextConfiguration = [MergedContextConfiguration@26e8ff8c testClass = CrudVehicleTest, locations = '{}', classes = '{class com.lucasgr7.hexagontest.AppStart}', contextInitializerClasses = '[]', activeProfiles = '{}', propertySourceLocations = '{classpath:test.properties}', propertySourceProperties = '{org.springframework.boot.test.context.SpringBootTestContextBootstrapper=true}', contextCustomizers = set[[ImportsContextCustomizer@5aa76ad2 key = [org.springframework.boot.autoconfigure.cache.CacheAutoConfiguration, org.springframework.boot.autoconfigure.data.jpa.JpaRepositoriesAutoConfiguration, org.springframework.boot.autoconfigure.flyway.FlywayAutoConfiguration, org.springframework.boot.autoconfigure.jdbc.DataSourceAutoConfiguration, org.springframework.boot.autoconfigure.jdbc.DataSourceTransactionManagerAutoConfiguration, org.springframework.boot.autoconfigure.jdbc.JdbcTemplateAutoConfiguration, org.springframework.boot.autoconfigure.liquibase.LiquibaseAutoConfiguration, org.springframework.boot.autoconfigure.orm.jpa.HibernateJpaAutoConfiguration, org.springframework.boot.autoconfigure.transaction.TransactionAutoConfiguration, org.springframework.boot.test.autoconfigure.jdbc.TestDatabaseAutoConfiguration, org.springframework.boot.test.autoconfigure.orm.jpa.TestEntityManagerAutoConfiguration]], org.springframework.boot.test.context.filter.ExcludeFilterContextCustomizer@4516af24, org.springframework.boot.test.json.DuplicateJsonObjectContextCustomizerFactory$DuplicateJsonObjectContextCustomizer@6d3af739, org.springframework.boot.test.mock.mockito.MockitoContextCustomizer@0, org.springframework.boot.test.autoconfigure.OverrideAutoConfigurationContextCustomizerFactory$DisableAutoConfigurationContextCustomizer@15bfd87, org.springframework.boot.test.autoconfigure.filter.TypeExcludeFiltersContextCustomizer@351584c0, org.springframework.boot.test.autoconfigure.properties.PropertyMappingContextCustomizer@cd372818, org.springframework.boot.test.autoconfigure.web.servlet.WebDriverContextCustomizerFactory$Customizer@3d8314f0], contextLoader = 'org.springframework.boot.test.context.SpringBootContextLoader', parent = [null]]].
]]></system-out>
  </testcase>
  <testcase name="TestSelect" classname="com.lucasgr7.hexagontest.CrudVehicleTest" time="0.014">
    <failure type="java.lang.AssertionError:">java.lang.AssertionError: null
	at org.junit.Assert.fail(Assert.java:86)
	at org.junit.Assert.assertTrue(Assert.java:41)
	at org.junit.Assert.assertTrue(Assert.java:52)
	at com.lucasgr7.hexagontest.CrudVehicleTest.TestSelect(CrudVehicleTest.java:95)
</failure>
    <system-out><![CDATA[2018-01-20 22:54:26.841  INFO 17213 --- [           main] o.s.t.c.transaction.TransactionContext   : Began transaction (1) for test context [DefaultTestContext@1b52699c testClass = CrudVehicleTest, testInstance = com.lucasgr7.hexagontest.CrudVehicleTest@26be9a6, testMethod = TestSelect@CrudVehicleTest, testException = [null], mergedContextConfiguration = [MergedContextConfiguration@26e8ff8c testClass = CrudVehicleTest, locations = '{}', classes = '{class com.lucasgr7.hexagontest.AppStart}', contextInitializerClasses = '[]', activeProfiles = '{}', propertySourceLocations = '{classpath:test.properties}', propertySourceProperties = '{org.springframework.boot.test.context.SpringBootTestContextBootstrapper=true}', contextCustomizers = set[[ImportsContextCustomizer@5aa76ad2 key = [org.springframework.boot.autoconfigure.cache.CacheAutoConfiguration, org.springframework.boot.autoconfigure.data.jpa.JpaRepositoriesAutoConfiguration, org.springframework.boot.autoconfigure.flyway.FlywayAutoConfiguration, org.springframework.boot.autoconfigure.jdbc.DataSourceAutoConfiguration, org.springframework.boot.autoconfigure.jdbc.DataSourceTransactionManagerAutoConfiguration, org.springframework.boot.autoconfigure.jdbc.JdbcTemplateAutoConfiguration, org.springframework.boot.autoconfigure.liquibase.LiquibaseAutoConfiguration, org.springframework.boot.autoconfigure.orm.jpa.HibernateJpaAutoConfiguration, org.springframework.boot.autoconfigure.transaction.TransactionAutoConfiguration, org.springframework.boot.test.autoconfigure.jdbc.TestDatabaseAutoConfiguration, org.springframework.boot.test.autoconfigure.orm.jpa.TestEntityManagerAutoConfiguration]], org.springframework.boot.test.context.filter.ExcludeFilterContextCustomizer@4516af24, org.springframework.boot.test.json.DuplicateJsonObjectContextCustomizerFactory$DuplicateJsonObjectContextCustomizer@6d3af739, org.springframework.boot.test.mock.mockito.MockitoContextCustomizer@0, org.springframework.boot.test.autoconfigure.OverrideAutoConfigurationContextCustomizerFactory$DisableAutoConfigurationContextCustomizer@15bfd87, org.springframework.boot.test.autoconfigure.filter.TypeExcludeFiltersContextCustomizer@351584c0, org.springframework.boot.test.autoconfigure.properties.PropertyMappingContextCustomizer@cd372818, org.springframework.boot.test.autoconfigure.web.servlet.WebDriverContextCustomizerFactory$Customizer@3d8314f0], contextLoader = 'org.springframework.boot.test.context.SpringBootContextLoader', parent = [null]]]; transaction manager [org.springframework.orm.jpa.JpaTransactionManager@3513c84c]; rollback [true]
Hibernate: select vehicletyp0_.id as id1_0_0_, vehicletyp0_.desc as desc6_0_0_, vehicletyp0_.name as name3_0_0_ from vehicle vehicletyp0_ where vehicletyp0_.id=?
Hibernate: insert into vehicle (id, desc, name) values (null, ?, ?)
Hibernate: select vehicle0_.id as id1_0_0_, vehicle0_.description as descript2_0_0_, vehicle0_.name as name3_0_0_, vehicle0_.plate as plate4_0_0_, vehicle0_.vehicle_type as vehicle_5_0_0_ from vehicle vehicle0_ where vehicle0_.id=?
Hibernate: insert into vehicle (id, description, name, plate, vehicle_type) values (null, ?, ?, ?, ?)
Hibernate: select vehicle0_.id as id1_0_, vehicle0_.description as descript2_0_, vehicle0_.name as name3_0_, vehicle0_.plate as plate4_0_, vehicle0_.vehicle_type as vehicle_5_0_ from vehicle vehicle0_ where vehicle0_.name=?
Hibernate: select vehicletyp0_.id as id1_0_0_, vehicletyp0_.desc as desc6_0_0_, vehicletyp0_.name as name3_0_0_ from vehicle vehicletyp0_ where vehicletyp0_.id=?
2018-01-20 22:54:26.852  INFO 17213 --- [           main] o.s.t.c.transaction.TransactionContext   : Rolled back transaction for test context [DefaultTestContext@1b52699c testClass = CrudVehicleTest, testInstance = com.lucasgr7.hexagontest.CrudVehicleTest@26be9a6, testMethod = TestSelect@CrudVehicleTest, testException = java.lang.AssertionError, mergedContextConfiguration = [MergedContextConfiguration@26e8ff8c testClass = CrudVehicleTest, locations = '{}', classes = '{class com.lucasgr7.hexagontest.AppStart}', contextInitializerClasses = '[]', activeProfiles = '{}', propertySourceLocations = '{classpath:test.properties}', propertySourceProperties = '{org.springframework.boot.test.context.SpringBootTestContextBootstrapper=true}', contextCustomizers = set[[ImportsContextCustomizer@5aa76ad2 key = [org.springframework.boot.autoconfigure.cache.CacheAutoConfiguration, org.springframework.boot.autoconfigure.data.jpa.JpaRepositoriesAutoConfiguration, org.springframework.boot.autoconfigure.flyway.FlywayAutoConfiguration, org.springframework.boot.autoconfigure.jdbc.DataSourceAutoConfiguration, org.springframework.boot.autoconfigure.jdbc.DataSourceTransactionManagerAutoConfiguration, org.springframework.boot.autoconfigure.jdbc.JdbcTemplateAutoConfiguration, org.springframework.boot.autoconfigure.liquibase.LiquibaseAutoConfiguration, org.springframework.boot.autoconfigure.orm.jpa.HibernateJpaAutoConfiguration, org.springframework.boot.autoconfigure.transaction.TransactionAutoConfiguration, org.springframework.boot.test.autoconfigure.jdbc.TestDatabaseAutoConfiguration, org.springframework.boot.test.autoconfigure.orm.jpa.TestEntityManagerAutoConfiguration]], org.springframework.boot.test.context.filter.ExcludeFilterContextCustomizer@4516af24, org.springframework.boot.test.json.DuplicateJsonObjectContextCustomizerFactory$DuplicateJsonObjectContextCustomizer@6d3af739, org.springframework.boot.test.mock.mockito.MockitoContextCustomizer@0, org.springframework.boot.test.autoconfigure.OverrideAutoConfigurationContextCustomizerFactory$DisableAutoConfigurationContextCustomizer@15bfd87, org.springframework.boot.test.autoconfigure.filter.TypeExcludeFiltersContextCustomizer@351584c0, org.springframework.boot.test.autoconfigure.properties.PropertyMappingContextCustomizer@cd372818, org.springframework.boot.test.autoconfigure.web.servlet.WebDriverContextCustomizerFactory$Customizer@3d8314f0], contextLoader = 'org.springframework.boot.test.context.SpringBootContextLoader', parent = [null]]].
]]></system-out>
  </testcase>
  <testcase name="TestUpdate" classname="com.lucasgr7.hexagontest.CrudVehicleTest" time="0.032"/>
</testsuite>